Proj/Intermediate/Android/armv7/gradle/app/build/intermediates/manifest_merge_blame_file/debug/manifest-merger-blame-debug-report.txt
1<?xml version="1.0" encoding="utf-8"?>
2<manifest xmlns:android="http://schemas.android.com/apk/res/android"
3    package="com.YourCompany.Proj"
4    android:installLocation="internalOnly"
5    android:versionCode="1"
6    android:versionName="1.0" > <!-- Supported texture compression formats (cooked) -->
7    <uses-sdk
8        android:minSdkVersion="21"
8-->src\main\AndroidManifest.xml
9        android:targetSdkVersion="28" />
9-->src\main\AndroidManifest.xml
10    <!-- Requirements -->
11    <uses-feature
11-->src\main\AndroidManifest.xml:48:3-76
12        android:glEsVersion="0x00030001"
12-->src\main\AndroidManifest.xml:48:17-49
13        android:required="true" />
13-->src\main\AndroidManifest.xml:48:50-73
14
15    <uses-permission android:name="android.permission.INTERNET" />
15-->src\main\AndroidManifest.xml:49:3-65
15-->src\main\AndroidManifest.xml:49:20-62
16    <uses-permission android:name="android.permission.WRITE_EXTERNAL_STORAGE" />
16-->src\main\AndroidManifest.xml:50:3-79
16-->src\main\AndroidManifest.xml:50:20-76
17    <uses-permission android:name="android.permission.ACCESS_NETWORK_STATE" />
17-->src\main\AndroidManifest.xml:51:3-77
17-->src\main\AndroidManifest.xml:51:20-74
18    <uses-permission android:name="android.permission.WAKE_LOCK" />
18-->src\main\AndroidManifest.xml:52:3-66
18-->src\main\AndroidManifest.xml:52:20-63
19    <uses-permission android:name="com.android.vending.CHECK_LICENSE" />
19-->src\main\AndroidManifest.xml:53:3-71
19-->src\main\AndroidManifest.xml:53:20-68
20    <uses-permission android:name="android.permission.ACCESS_WIFI_STATE" />
20-->src\main\AndroidManifest.xml:54:3-74
20-->src\main\AndroidManifest.xml:54:20-71
21    <uses-permission android:name="android.permission.MODIFY_AUDIO_SETTINGS" />
21-->src\main\AndroidManifest.xml:55:3-78
21-->src\main\AndroidManifest.xml:55:20-75
22    <uses-permission android:name="android.permission.VIBRATE" />
22-->src\main\AndroidManifest.xml:56:3-64
22-->src\main\AndroidManifest.xml:56:20-61
23    <uses-permission android:name="com.android.vending.BILLING" />
23-->src\main\AndroidManifest.xml:57:3-65
23-->src\main\AndroidManifest.xml:57:20-62
24    <!-- Application Definition -->
25    <application
25-->src\main\AndroidManifest.xml:3:3-46:17
26        android:name="com.epicgames.ue4.GameApplication"
26-->src\main\AndroidManifest.xml:3:114-162
27        android:debuggable="true"
28        android:hardwareAccelerated="true"
28-->src\main\AndroidManifest.xml:3:79-113
29        android:hasCode="true"
29-->src\main\AndroidManifest.xml:3:207-229
30        android:icon="@drawable/icon"
30-->src\main\AndroidManifest.xml:3:49-78
31        android:label="@string/app_name"
31-->src\main\AndroidManifest.xml:3:16-48
32        android:requestLegacyExternalStorage="true" >
32-->src\main\AndroidManifest.xml:3:163-206
33        <activity
33-->src\main\AndroidManifest.xml:4:5-9:16
34            android:name="com.epicgames.ue4.SplashActivity"
34-->src\main\AndroidManifest.xml:4:15-62
35            android:debuggable="true"
35-->src\main\AndroidManifest.xml:4:210-235
36            android:label="@string/app_name"
36-->src\main\AndroidManifest.xml:4:63-95
37            android:launchMode="singleTask"
37-->src\main\AndroidManifest.xml:4:134-165
38            android:screenOrientation="sensorLandscape"
38-->src\main\AndroidManifest.xml:4:166-209
39            android:theme="@style/UE4SplashTheme" >
39-->src\main\AndroidManifest.xml:4:96-133
40            <intent-filter>
40-->src\main\AndroidManifest.xml:5:7-8:23
41                <action android:name="android.intent.action.MAIN" />
41-->src\main\AndroidManifest.xml:6:9-61
41-->src\main\AndroidManifest.xml:6:17-58
42
43                <category android:name="android.intent.category.LAUNCHER" />
43-->src\main\AndroidManifest.xml:7:9-69
43-->src\main\AndroidManifest.xml:7:19-66
44            </intent-filter>
45        </activity>
46        <activity
46-->src\main\AndroidManifest.xml:10:5-12:16
47            android:name="com.epicgames.ue4.GameActivity"
47-->src\main\AndroidManifest.xml:10:15-60
48            android:configChanges="mcc|mnc|uiMode|density|screenSize|smallestScreenSize|screenLayout|orientation|keyboardHidden|keyboard"
48-->src\main\AndroidManifest.xml:10:132-257
49            android:debuggable="true"
49-->src\main\AndroidManifest.xml:10:369-394
50            android:label="@string/app_name"
50-->src\main\AndroidManifest.xml:10:61-93
51            android:launchMode="singleTask"
51-->src\main\AndroidManifest.xml:10:293-324
52            android:resizeableActivity="false"
52-->src\main\AndroidManifest.xml:10:258-292
53            android:screenOrientation="sensorLandscape"
53-->src\main\AndroidManifest.xml:10:325-368
54            android:theme="@style/UE4SplashTheme" >
54-->src\main\AndroidManifest.xml:10:94-131
55            <meta-data
55-->src\main\AndroidManifest.xml:11:7-76
56                android:name="android.app.lib_name"
56-->src\main\AndroidManifest.xml:11:18-53
57                android:value="UE4" />
57-->src\main\AndroidManifest.xml:11:54-73
58        </activity>
59        <activity
59-->src\main\AndroidManifest.xml:13:5-228
60            android:name="com.YourCompany.Proj.DownloaderActivity"
60-->src\main\AndroidManifest.xml:13:15-49
61            android:configChanges="mcc|mnc|uiMode|density|screenSize|orientation|keyboardHidden|keyboard"
61-->src\main\AndroidManifest.xml:13:94-187
62            android:screenOrientation="sensorLandscape"
62-->src\main\AndroidManifest.xml:13:50-93
63            android:theme="@style/UE4SplashTheme" />
63-->src\main\AndroidManifest.xml:13:188-225
64
65        <meta-data
65-->src\main\AndroidManifest.xml:14:5-101
66            android:name="com.epicgames.ue4.GameActivity.EngineVersion"
66-->src\main\AndroidManifest.xml:14:16-75
67            android:value="4.26.0" />
67-->src\main\AndroidManifest.xml:14:76-98
68        <meta-data
68-->src\main\AndroidManifest.xml:15:5-112
69            android:name="com.epicgames.ue4.GameActivity.EngineBranch"
69-->src\main\AndroidManifest.xml:15:16-74
70            android:value="++UE4+Release-4.26" />
70-->src\main\AndroidManifest.xml:15:75-109
71        <meta-data
71-->src\main\AndroidManifest.xml:16:5-103
72            android:name="com.epicgames.ue4.GameActivity.ProjectVersion"
72-->src\main\AndroidManifest.xml:16:16-76
73            android:value="1.0.0.0" />
73-->src\main\AndroidManifest.xml:16:77-100
74        <meta-data
74-->src\main\AndroidManifest.xml:17:5-104
75            android:name="com.epicgames.ue4.GameActivity.DepthBufferPreference"
75-->src\main\AndroidManifest.xml:17:16-83
76            android:value="0" />
76-->src\main\AndroidManifest.xml:17:84-101
77        <meta-data
77-->src\main\AndroidManifest.xml:18:5-107
78            android:name="com.epicgames.ue4.GameActivity.bPackageDataInsideApk"
78-->src\main\AndroidManifest.xml:18:16-83
79            android:value="true" />
79-->src\main\AndroidManifest.xml:18:84-104
80        <meta-data
80-->src\main\AndroidManifest.xml:19:5-106
81            android:name="com.epicgames.ue4.GameActivity.bVerifyOBBOnStartUp"
81-->src\main\AndroidManifest.xml:19:16-81
82            android:value="false" />
82-->src\main\AndroidManifest.xml:19:82-103
83        <meta-data
83-->src\main\AndroidManifest.xml:20:5-99
84            android:name="com.epicgames.ue4.GameActivity.bShouldHideUI"
84-->src\main\AndroidManifest.xml:20:16-75
85            android:value="true" />
85-->src\main\AndroidManifest.xml:20:76-96
86        <meta-data
86-->src\main\AndroidManifest.xml:21:5-97
87            android:name="com.epicgames.ue4.GameActivity.ProjectName"
87-->src\main\AndroidManifest.xml:21:16-73
88            android:value="Proj" />
88-->src\main\AndroidManifest.xml:21:74-94
89        <meta-data
89-->src\main\AndroidManifest.xml:22:5-89
90            android:name="com.epicgames.ue4.GameActivity.AppType"
90-->src\main\AndroidManifest.xml:22:16-69
91            android:value="" />
91-->src\main\AndroidManifest.xml:22:70-86
92        <meta-data
92-->src\main\AndroidManifest.xml:23:5-98
93            android:name="com.epicgames.ue4.GameActivity.bHasOBBFiles"
93-->src\main\AndroidManifest.xml:23:16-74
94            android:value="true" />
94-->src\main\AndroidManifest.xml:23:75-95
95        <meta-data
95-->src\main\AndroidManifest.xml:24:5-108
96            android:name="com.epicgames.ue4.GameActivity.BuildConfiguration"
96-->src\main\AndroidManifest.xml:24:16-80
97            android:value="Shipping" />
97-->src\main\AndroidManifest.xml:24:81-105
98        <meta-data
98-->src\main\AndroidManifest.xml:25:5-99
99            android:name="com.epicgames.ue4.GameActivity.CookedFlavors"
99-->src\main\AndroidManifest.xml:25:16-75
100            android:value="ETC2" />
100-->src\main\AndroidManifest.xml:25:76-96
101        <meta-data
101-->src\main\AndroidManifest.xml:26:5-109
102            android:name="com.epicgames.ue4.GameActivity.bValidateTextureFormats"
102-->src\main\AndroidManifest.xml:26:16-85
103            android:value="true" />
103-->src\main\AndroidManifest.xml:26:86-106
104        <meta-data
104-->src\main\AndroidManifest.xml:27:5-107
105            android:name="com.epicgames.ue4.GameActivity.bUseExternalFilesDir"
105-->src\main\AndroidManifest.xml:27:16-82
106            android:value="false" />
106-->src\main\AndroidManifest.xml:27:83-104
107        <meta-data
107-->src\main\AndroidManifest.xml:28:5-102
108            android:name="com.epicgames.ue4.GameActivity.bPublicLogFiles"
108-->src\main\AndroidManifest.xml:28:16-77
109            android:value="false" />
109-->src\main\AndroidManifest.xml:28:78-99
110        <meta-data
110-->src\main\AndroidManifest.xml:29:5-104
111            android:name="com.epicgames.ue4.GameActivity.bUseDisplayCutout"
111-->src\main\AndroidManifest.xml:29:16-79
112            android:value="false" />
112-->src\main\AndroidManifest.xml:29:80-101
113        <meta-data
113-->src\main\AndroidManifest.xml:30:5-95
114            android:name="com.epicgames.ue4.GameActivity.bAllowIMU"
114-->src\main\AndroidManifest.xml:30:16-71
115            android:value="true" />
115-->src\main\AndroidManifest.xml:30:72-92
116        <meta-data
116-->src\main\AndroidManifest.xml:31:5-102
117            android:name="com.epicgames.ue4.GameActivity.bSupportsVulkan"
117-->src\main\AndroidManifest.xml:31:16-77
118            android:value="false" />
118-->src\main\AndroidManifest.xml:31:78-99
119        <meta-data
119-->src\main\AndroidManifest.xml:32:5-141
120            android:name="com.epicgames.ue4.GameActivity.StartupPermissions"
120-->src\main\AndroidManifest.xml:32:16-80
121            android:value="android.permission.WRITE_EXTERNAL_STORAGE" />
121-->src\main\AndroidManifest.xml:32:81-138
122        <meta-data
122-->src\main\AndroidManifest.xml:33:5-100
123            android:name="com.google.android.gms.games.APP_ID"
123-->src\main\AndroidManifest.xml:33:16-66
124            android:value="@string/app_id" />
124-->src\main\AndroidManifest.xml:33:67-97
125        <meta-data
125-->src\main\AndroidManifest.xml:34:5-118
126            android:name="com.google.android.gms.version"
126-->src\main\AndroidManifest.xml:34:16-61
127            android:value="@integer/google_play_services_version" />
127-->src\main\AndroidManifest.xml:34:62-115
128
129        <activity
129-->src\main\AndroidManifest.xml:35:5-180
130            android:name="com.google.android.gms.ads.AdActivity"
130-->src\main\AndroidManifest.xml:35:15-67
131            android:configChanges="keyboard|keyboardHidden|orientation|screenLayout|uiMode|screenSize|smallestScreenSize"
131-->src\main\AndroidManifest.xml:35:68-177
132            android:exported="false"
132-->[com.google.android.gms:play-services-ads-lite:11.8.0] AndroidManifest.xml:32:13-37
133            android:theme="@android:style/Theme.Translucent" />
133-->[com.google.android.gms:play-services-ads-lite:11.8.0] AndroidManifest.xml:33:13-61
134
135        <service android:name="com.YourCompany.Proj.OBBDownloaderService" />
135-->src\main\AndroidManifest.xml:36:5-52
135-->src\main\AndroidManifest.xml:36:14-49
136
137        <receiver android:name="com.YourCompany.Proj.AlarmReceiver" />
137-->src\main\AndroidManifest.xml:37:5-46
137-->src\main\AndroidManifest.xml:37:15-43
138        <receiver android:name="com.epicgames.ue4.LocalNotificationReceiver" />
138-->src\main\AndroidManifest.xml:38:5-76
138-->src\main\AndroidManifest.xml:38:15-73
139        <receiver
139-->src\main\AndroidManifest.xml:39:5-43:16
140            android:name="com.epicgames.ue4.MulticastBroadcastReceiver"
140-->src\main\AndroidManifest.xml:39:15-74
141            android:exported="true" >
141-->src\main\AndroidManifest.xml:39:75-98
142            <intent-filter>
142-->src\main\AndroidManifest.xml:40:7-42:23
143                <action android:name="com.android.vending.INSTALL_REFERRER" />
143-->src\main\AndroidManifest.xml:41:9-71
143-->src\main\AndroidManifest.xml:41:17-68
144            </intent-filter>
145        </receiver>
146
147        <meta-data
147-->src\main\AndroidManifest.xml:44:5-73
148            android:name="android.max_aspect"
148-->src\main\AndroidManifest.xml:44:16-49
149            android:value="2.10" />
149-->src\main\AndroidManifest.xml:44:50-70
150        <meta-data
150-->src\main\AndroidManifest.xml:45:5-83
151            android:name="com.oculus.supportedDevices"
151-->src\main\AndroidManifest.xml:45:16-58
152            android:value="quest" />
152-->src\main\AndroidManifest.xml:45:59-80
153
154        <activity
154-->[com.google.android.gms:play-services-auth:11.8.0] AndroidManifest.xml:23:9-27:75
155            android:name="com.google.android.gms.auth.api.signin.internal.SignInHubActivity"
155-->[com.google.android.gms:play-services-auth:11.8.0] AndroidManifest.xml:24:13-93
156            android:excludeFromRecents="true"
156-->[com.google.android.gms:play-services-auth:11.8.0] AndroidManifest.xml:25:13-46
157            android:exported="false"
157-->[com.google.android.gms:play-services-auth:11.8.0] AndroidManifest.xml:26:13-37
158            android:theme="@android:style/Theme.Translucent.NoTitleBar" />
158-->[com.google.android.gms:play-services-auth:11.8.0] AndroidManifest.xml:27:13-72
159        <!--
160            Service handling Google Sign-In user revocation. For apps that do not integrate with
161            Google Sign-In, this service will never be started.
162        -->
163        <service
163-->[com.google.android.gms:play-services-auth:11.8.0] AndroidManifest.xml:33:9-36:110
164            android:name="com.google.android.gms.auth.api.signin.RevocationBoundService"
164-->[com.google.android.gms:play-services-auth:11.8.0] AndroidManifest.xml:34:13-89
165            android:exported="true"
165-->[com.google.android.gms:play-services-auth:11.8.0] AndroidManifest.xml:35:13-36
166            android:permission="com.google.android.gms.auth.api.signin.permission.REVOCATION_NOTIFICATION" />
166-->[com.google.android.gms:play-services-auth:11.8.0] AndroidManifest.xml:36:13-107
167
168        <meta-data
168-->[com.android.billingclient:billing:3.0.0] AndroidManifest.xml:13:9-15:37
169            android:name="com.google.android.play.billingclient.version"
169-->[com.android.billingclient:billing:3.0.0] AndroidManifest.xml:14:13-73
170            android:value="3.0.0" />
170-->[com.android.billingclient:billing:3.0.0] AndroidManifest.xml:15:13-34
171
172        <activity
172-->[com.android.billingclient:billing:3.0.0] AndroidManifest.xml:17:9-20:75
173            android:name="com.android.billingclient.api.ProxyBillingActivity"
173-->[com.android.billingclient:billing:3.0.0] AndroidManifest.xml:18:13-78
174            android:configChanges="keyboard|keyboardHidden|screenLayout|screenSize|orientation"
174-->[com.android.billingclient:billing:3.0.0] AndroidManifest.xml:19:13-96
175            android:theme="@android:style/Theme.Translucent.NoTitleBar" />
175-->[com.android.billingclient:billing:3.0.0] AndroidManifest.xml:20:13-72
176
177        <provider
177-->[android.arch.lifecycle:extensions:1.1.1] AndroidManifest.xml:23:9-27:43
178            android:name="android.arch.lifecycle.ProcessLifecycleOwnerInitializer"
178-->[android.arch.lifecycle:extensions:1.1.1] AndroidManifest.xml:24:13-83
179            android:authorities="com.YourCompany.Proj.lifecycle-trojan"
179-->[android.arch.lifecycle:extensions:1.1.1] AndroidManifest.xml:25:13-68
180            android:exported="false"
180-->[android.arch.lifecycle:extensions:1.1.1] AndroidManifest.xml:26:13-37
181            android:multiprocess="true" />
181-->[android.arch.lifecycle:extensions:1.1.1] AndroidManifest.xml:27:13-40
182
183        <activity
183-->[com.google.android.gms:play-services-base:11.8.0] AndroidManifest.xml:23:9-26:75
184            android:name="com.google.android.gms.common.api.GoogleApiActivity"
184-->[com.google.android.gms:play-services-base:11.8.0] AndroidManifest.xml:24:13-79
185            android:exported="false"
185-->[com.google.android.gms:play-services-base:11.8.0] AndroidManifest.xml:25:13-37
186            android:theme="@android:style/Theme.Translucent.NoTitleBar" />
186-->[com.google.android.gms:play-services-base:11.8.0] AndroidManifest.xml:26:13-72
187    </application>
188
189</manifest>